<?xml version="1.0" encoding="UTF-8"?>
<!-- Generated by org.testng.reporters.JUnitXMLReporter -->
<testsuite hostname="DESKTOP-VJNIOC8" ignored="0" name="Surefire test" tests="5" failures="0" timestamp="2021-11-05T14:58:59 IST" time="0.077" errors="0">
  <testcase name="NativeAppAndroid" time="0.01" classname="qaclickacademy.AppiumTest"/>
  <testcase name="iOSApps" time="0.001" classname="qaclickacademy.AppiumTest"/>
  <testcase name="deleteTwitter" time="0.0" classname="qaclickacademy.RestAPITest"/>
  <testcase name="postJira" time="0.001" classname="qaclickacademy.RestAPITest"/>
  <testcase name="elementsUI" time="0.0" classname="qaclickacademy.SeleniumTest"/>
</testsuite> <!-- Surefire test -->
