<?xml version="1.0" encoding="UTF-8"?>
<!-- Generated by org.testng.reporters.JUnitXMLReporter -->
<testsuite hostname="DESKTOP-VJNIOC8" ignored="0" name="Test" tests="4" failures="0" timestamp="2021-11-13T13:28:13 IST" time="0.066" errors="0">
  <testcase name="NativeAppAndroid" time="0.006" classname="qaclickacademy.AppiumTest"/>
  <testcase name="iOSApps" time="0.001" classname="qaclickacademy.AppiumTest"/>
  <testcase name="BrowserAutomation" time="0.001" classname="qaclickacademy.SeleniumTest"/>
  <testcase name="elementsUI" time="0.001" classname="qaclickacademy.SeleniumTest"/>
</testsuite> <!-- Test -->
