<?xml version="1.0" encoding="UTF-8"?>
<testng-results skipped="0" failed="0" ignored="0" total="4" passed="4">
  <reporter-output>
  </reporter-output>
  <suite name="Suite" duration-ms="66" started-at="2021-11-13T13:28:13 IST" finished-at="2021-11-13T13:28:13 IST">
    <groups>
    </groups>
    <test name="Test" duration-ms="66" started-at="2021-11-13T13:28:13 IST" finished-at="2021-11-13T13:28:13 IST">
      <class name="qaclickacademy.AppiumTest">
        <test-method status="PASS" signature="NativeAppAndroid()[pri:0, instance:qaclickacademy.AppiumTest@3cef309d]" name="NativeAppAndroid" duration-ms="6" started-at="2021-11-13T13:28:13 IST" finished-at="2021-11-13T13:28:13 IST">
          <reporter-output>
          </reporter-output>
        </test-method> <!-- NativeAppAndroid -->
        <test-method status="PASS" signature="iOSApps()[pri:0, instance:qaclickacademy.AppiumTest@3cef309d]" name="iOSApps" duration-ms="1" started-at="2021-11-13T13:28:13 IST" finished-at="2021-11-13T13:28:13 IST">
          <reporter-output>
          </reporter-output>
        </test-method> <!-- iOSApps -->
      </class> <!-- qaclickacademy.AppiumTest -->
      <class name="qaclickacademy.SeleniumTest">
        <test-method status="PASS" signature="BrowserAutomation()[pri:0, instance:qaclickacademy.SeleniumTest@1efed156]" name="BrowserAutomation" duration-ms="1" started-at="2021-11-13T13:28:13 IST" finished-at="2021-11-13T13:28:13 IST">
          <reporter-output>
          </reporter-output>
        </test-method> <!-- BrowserAutomation -->
        <test-method status="PASS" signature="elementsUI()[pri:0, instance:qaclickacademy.SeleniumTest@1efed156]" name="elementsUI" duration-ms="1" started-at="2021-11-13T13:28:13 IST" finished-at="2021-11-13T13:28:13 IST">
          <reporter-output>
          </reporter-output>
        </test-method> <!-- elementsUI -->
      </class> <!-- qaclickacademy.SeleniumTest -->
    </test> <!-- Test -->
  </suite> <!-- Suite -->
</testng-results>
