<?xml version="1.0" encoding="UTF-8"?>
<testng-results ignored="0" total="2" passed="2" failed="0" skipped="0">
  <reporter-output>
  </reporter-output>
  <suite started-at="2021-11-04T13:44:37 IST" name="Default suite" finished-at="2021-11-04T13:44:37 IST" duration-ms="121">
    <groups>
    </groups>
    <test started-at="2021-11-04T13:44:37 IST" name="Default test" finished-at="2021-11-04T13:44:37 IST" duration-ms="121">
      <class name="qaclickacademy.SeleniumTest">
        <test-method signature="BrowserAutomation()[pri:0, instance:qaclickacademy.SeleniumTest@49dc7102]" started-at="2021-11-04T13:44:37 IST" name="BrowserAutomation" finished-at="2021-11-04T13:44:37 IST" duration-ms="30" status="PASS">
          <reporter-output>
          </reporter-output>
        </test-method> <!-- BrowserAutomation -->
        <test-method signature="elementsUI()[pri:0, instance:qaclickacademy.SeleniumTest@49dc7102]" started-at="2021-11-04T13:44:37 IST" name="elementsUI" finished-at="2021-11-04T13:44:37 IST" duration-ms="2" status="PASS">
          <reporter-output>
          </reporter-output>
        </test-method> <!-- elementsUI -->
      </class> <!-- qaclickacademy.SeleniumTest -->
    </test> <!-- Default test -->
  </suite> <!-- Default suite -->
</testng-results>
